/*C1*/SET SCHEMA SYSTEM_LOBS
INSERT INTO BLOCKS VALUES(0,2147483647,0)
COMMIT
/*C2*/SET SCHEMA PUBLIC
create table Actor (id bigint generated by default as identity (start with 1), name varchar(255), yearsOfExperience integer, primary key (id))
create table Author (id bigint generated by default as identity (start with 1), address varchar(255), firstName varchar(255), lastName varchar(255), primary key (id))
create table Badge (id bigint generated by default as identity (start with 1), name varchar(255), value integer, primary key (id))
create table Movie (id bigint generated by default as identity (start with 1), releaseDate date, title varchar(255) not null, author_id bigint, badge_id bigint, primary key (id))
create table Movie_Actor (movies_id bigint not null, actors_id bigint not null, primary key (movies_id, actors_id))
create table Wheel (id bigint generated by default as identity (start with 1), name varchar(255), ROZMIAR integer, type varchar(255), primary key (id))
alter table Movie add constraint FKbpdxuftmmr49vq76pp6n08qak foreign key (author_id) references Author
alter table Movie add constraint FKlwgmeqm7qewyumgqtkrhyfmeu foreign key (badge_id) references Badge
alter table Movie_Actor add constraint FK5m9vw6sadr1af5mnaia4wqj5m foreign key (actors_id) references Actor
alter table Movie_Actor add constraint FKorko5ht1q2e66e02tpme0rel9 foreign key (movies_id) references Movie
INSERT INTO AUTHOR VALUES(1,'Ciechocinek','Tomek','Tomczuk')
COMMIT
INSERT INTO AUTHOR VALUES(2,'Gdynia','Maciej','Maciejewski')
COMMIT
INSERT INTO AUTHOR VALUES(3,'Sosnowiec','Robert','Robertowski')
COMMIT
INSERT INTO MOVIE VALUES(1,'2022-06-06','\u015awinka Peppa',NULL,NULL)
COMMIT
DELETE FROM MOVIE WHERE ID=1
INSERT INTO MOVIE VALUES(1,'2022-06-06','Update Title',NULL,NULL)
COMMIT
INSERT INTO AUTHOR VALUES(4,'Wejcherowo','Leszek','Leszkowiski')
COMMIT
DELETE FROM AUTHOR WHERE ID=4
COMMIT
/*C3*/SET SCHEMA PUBLIC
INSERT INTO BADGE VALUES(1,'SUPER ODZNAKA, SUPER FILM',3)
COMMIT
/*C2*/INSERT INTO MOVIE VALUES(2,'1997-12-12','Trzy \u015bwinki',NULL,1)
COMMIT
/*C3*/INSERT INTO AUTHOR VALUES(5,'Radom','Franek','Frankowiski')
COMMIT
/*C2*/INSERT INTO MOVIE VALUES(3,'2022-06-06','Tr\u00f3jk\u0105t',5,NULL)
COMMIT
/*C3*/INSERT INTO MOVIE VALUES(4,'2022-06-06','Bermudzki',5,NULL)
COMMIT
/*C2*/INSERT INTO ACTOR VALUES(1,'Jurek',4)
COMMIT
/*C3*/INSERT INTO ACTOR VALUES(2,'Zenek',2)
COMMIT
/*C2*/INSERT INTO MOVIE VALUES(5,'2022-06-06','Jurek i Zenek',NULL,NULL)
INSERT INTO MOVIE_ACTOR VALUES(5,2)
INSERT INTO MOVIE_ACTOR VALUES(5,1)
COMMIT
/*C3*/INSERT INTO MOVIE VALUES(6,'2022-06-06','Jurek i Zenek ostateczne starcie',NULL,NULL)
INSERT INTO MOVIE_ACTOR VALUES(6,2)
INSERT INTO MOVIE_ACTOR VALUES(6,1)
COMMIT
DELETE FROM ACTOR WHERE ID=2
INSERT INTO ACTOR VALUES(2,'Zenon',2)
COMMIT
/*C2*/DISCONNECT
/*C3*/DISCONNECT
